<?xml version="1.0" encoding="utf-8"?><testsuites name="pytest tests"><testsuite name="pytest" errors="0" failures="0" skipped="0" tests="16" time="4.896" timestamp="2026-05-24T02:25:09.789359+00:00" hostname="agent-env-65cabf7c-75a2-4af2-bd16-a08cba39c70c"><testcase classname="backend.tests.test_phase2.TestRecurringCRUD" name="test_initial_empty" time="0.302" /><testcase classname="backend.tests.test_phase2.TestRecurringCRUD" name="test_create_defaults_dates" time="0.298" /><testcase classname="backend.tests.test_phase2.TestRecurringCRUD" name="test_list_after_create" time="0.116" /><testcase classname="backend.tests.test_phase2.TestRecurringCRUD" name="test_update_fields" time="0.274" /><testcase classname="backend.tests.test_phase2.TestRecurringCRUD" name="test_delete" time="0.354" /><testcase classname="backend.tests.test_phase2.TestRecurringProcess" name="test_process_creates_tx_and_advances" time="0.626" /><testcase classname="backend.tests.test_phase2.TestRecurringProcess" name="test_process_idempotent" time="0.317" /><testcase classname="backend.tests.test_phase2.TestRecurringProcess" name="test_process_respects_isActive_false" time="0.306" /><testcase classname="backend.tests.test_phase2.TestRecurringProcess" name="test_process_respects_autoCreate_false" time="0.309" /><testcase classname="backend.tests.test_phase2.TestRecurringProcess" name="test_process_catches_up_past_dues" time="0.446" /><testcase classname="backend.tests.test_phase2.TestRemindersCRUD" name="test_initial_empty" time="0.164" /><testcase classname="backend.tests.test_phase2.TestRemindersCRUD" name="test_create" time="0.121" /><testcase classname="backend.tests.test_phase2.TestRemindersCRUD" name="test_update" time="0.174" /><testcase classname="backend.tests.test_phase2.TestRemindersCRUD" name="test_sort_by_date_ascending" time="0.247" /><testcase classname="backend.tests.test_phase2.TestRemindersCRUD" name="test_delete" time="0.198" /><testcase classname="backend.tests.test_phase2.TestPhase1Regression" name="test_phase1_endpoints_alive" time="0.584" /></testsuite></testsuites>