<?xml version="1.0" encoding="utf-8"?><testsuites name="pytest tests"><testsuite name="pytest" errors="0" failures="0" skipped="0" tests="17" time="4.296" timestamp="2026-05-24T02:13:27.909502+00:00" hostname="agent-env-65cabf7c-75a2-4af2-bd16-a08cba39c70c"><testcase classname="backend.tests.test_duitku_api.TestHealth" name="test_root" time="0.156" /><testcase classname="backend.tests.test_duitku_api.TestCategoriesSeeded" name="test_default_categories_count" time="0.187" /><testcase classname="backend.tests.test_duitku_api.TestCategoriesSeeded" name="test_filter_expense" time="0.130" /><testcase classname="backend.tests.test_duitku_api.TestCategoriesSeeded" name="test_filter_income" time="0.108" /><testcase classname="backend.tests.test_duitku_api.TestCategoryCRUD" name="test_create_update_delete" time="0.333" /><testcase classname="backend.tests.test_duitku_api.TestAccountsSeeded" name="test_default_accounts" time="0.175" /><testcase classname="backend.tests.test_duitku_api.TestAccountCRUD" name="test_create_update_delete_account" time="0.338" /><testcase classname="backend.tests.test_duitku_api.TestTransactions" name="test_create_expense_updates_balance" time="0.401" /><testcase classname="backend.tests.test_duitku_api.TestTransactions" name="test_create_income_updates_balance" time="0.260" /><testcase classname="backend.tests.test_duitku_api.TestTransactions" name="test_update_transaction_recalc" time="0.354" /><testcase classname="backend.tests.test_duitku_api.TestTransactions" name="test_delete_transaction_recalc" time="0.293" /><testcase classname="backend.tests.test_duitku_api.TestTransactions" name="test_list_filters" time="0.258" /><testcase classname="backend.tests.test_duitku_api.TestStats" name="test_summary_expense" time="0.353" /><testcase classname="backend.tests.test_duitku_api.TestStats" name="test_bars_month" time="0.115" /><testcase classname="backend.tests.test_duitku_api.TestExportReset" name="test_export" time="0.118" /><testcase classname="backend.tests.test_duitku_api.TestExportReset" name="test_reset_wipes_and_reseeds" time="0.262" /><testcase classname="backend.tests.test_duitku_api.TestAccountCascade" name="test_delete_account_removes_txs" time="0.397" /></testsuite></testsuites>